mode: set
github.ibm.com/alchemy-containers/ibm-object-csi-driver-operator/controllers/ibmobjectcsi_controller.go:99.109,107.16 6 0
github.ibm.com/alchemy-containers/ibm-object-csi-driver-operator/controllers/ibmobjectcsi_controller.go:107.16,108.29 1 0
github.ibm.com/alchemy-containers/ibm-object-csi-driver-operator/controllers/ibmobjectcsi_controller.go:108.29,111.4 1 0
github.ibm.com/alchemy-containers/ibm-object-csi-driver-operator/controllers/ibmobjectcsi_controller.go:113.3,113.33 1 0
github.ibm.com/alchemy-containers/ibm-object-csi-driver-operator/controllers/ibmobjectcsi_controller.go:117.2,119.44 3 0
github.ibm.com/alchemy-containers/ibm-object-csi-driver-operator/controllers/ibmobjectcsi_controller.go:119.44,122.3 2 0
github.ibm.com/alchemy-containers/ibm-object-csi-driver-operator/controllers/ibmobjectcsi_controller.go:124.2,124.13 1 0
github.ibm.com/alchemy-containers/ibm-object-csi-driver-operator/controllers/ibmobjectcsi_controller.go:124.13,126.17 2 0
github.ibm.com/alchemy-containers/ibm-object-csi-driver-operator/controllers/ibmobjectcsi_controller.go:126.17,129.4 2 0
github.ibm.com/alchemy-containers/ibm-object-csi-driver-operator/controllers/ibmobjectcsi_controller.go:130.3,130.33 1 0
github.ibm.com/alchemy-containers/ibm-object-csi-driver-operator/controllers/ibmobjectcsi_controller.go:132.2,133.44 1 0
github.ibm.com/alchemy-containers/ibm-object-csi-driver-operator/controllers/ibmobjectcsi_controller.go:133.44,135.3 1 0
github.ibm.com/alchemy-containers/ibm-object-csi-driver-operator/controllers/ibmobjectcsi_controller.go:137.2,137.47 1 0
github.ibm.com/alchemy-containers/ibm-object-csi-driver-operator/controllers/ibmobjectcsi_controller.go:137.47,139.17 2 0
github.ibm.com/alchemy-containers/ibm-object-csi-driver-operator/controllers/ibmobjectcsi_controller.go:139.17,141.4 1 0
github.ibm.com/alchemy-containers/ibm-object-csi-driver-operator/controllers/ibmobjectcsi_controller.go:144.3,144.25 1 0
github.ibm.com/alchemy-containers/ibm-object-csi-driver-operator/controllers/ibmobjectcsi_controller.go:144.25,146.4 1 0
github.ibm.com/alchemy-containers/ibm-object-csi-driver-operator/controllers/ibmobjectcsi_controller.go:148.3,148.67 1 0
github.ibm.com/alchemy-containers/ibm-object-csi-driver-operator/controllers/ibmobjectcsi_controller.go:148.67,150.4 1 0
github.ibm.com/alchemy-containers/ibm-object-csi-driver-operator/controllers/ibmobjectcsi_controller.go:152.3,152.58 1 0
github.ibm.com/alchemy-containers/ibm-object-csi-driver-operator/controllers/ibmobjectcsi_controller.go:152.58,154.4 1 0
github.ibm.com/alchemy-containers/ibm-object-csi-driver-operator/controllers/ibmobjectcsi_controller.go:156.3,156.53 1 0
github.ibm.com/alchemy-containers/ibm-object-csi-driver-operator/controllers/ibmobjectcsi_controller.go:156.53,158.4 1 0
github.ibm.com/alchemy-containers/ibm-object-csi-driver-operator/controllers/ibmobjectcsi_controller.go:160.3,161.45 1 0
github.ibm.com/alchemy-containers/ibm-object-csi-driver-operator/controllers/ibmobjectcsi_controller.go:161.45,163.4 1 0
github.ibm.com/alchemy-containers/ibm-object-csi-driver-operator/controllers/ibmobjectcsi_controller.go:164.3,164.33 1 0
github.ibm.com/alchemy-containers/ibm-object-csi-driver-operator/controllers/ibmobjectcsi_controller.go:166.2,175.4 2 0
github.ibm.com/alchemy-containers/ibm-object-csi-driver-operator/controllers/ibmobjectcsi_controller.go:175.4,176.38 1 0
github.ibm.com/alchemy-containers/ibm-object-csi-driver-operator/controllers/ibmobjectcsi_controller.go:176.38,178.4 1 0
github.ibm.com/alchemy-containers/ibm-object-csi-driver-operator/controllers/ibmobjectcsi_controller.go:182.2,183.85 2 0
github.ibm.com/alchemy-containers/ibm-object-csi-driver-operator/controllers/ibmobjectcsi_controller.go:183.85,185.3 1 0
github.ibm.com/alchemy-containers/ibm-object-csi-driver-operator/controllers/ibmobjectcsi_controller.go:187.2,188.79 2 0
github.ibm.com/alchemy-containers/ibm-object-csi-driver-operator/controllers/ibmobjectcsi_controller.go:188.79,190.3 1 0
github.ibm.com/alchemy-containers/ibm-object-csi-driver-operator/controllers/ibmobjectcsi_controller.go:192.2,192.65 1 0
github.ibm.com/alchemy-containers/ibm-object-csi-driver-operator/controllers/ibmobjectcsi_controller.go:192.65,194.3 1 0
github.ibm.com/alchemy-containers/ibm-object-csi-driver-operator/controllers/ibmobjectcsi_controller.go:198.2,198.32 1 0
github.ibm.com/alchemy-containers/ibm-object-csi-driver-operator/controllers/ibmobjectcsi_controller.go:201.132,205.16 4 0
github.ibm.com/alchemy-containers/ibm-object-csi-driver-operator/controllers/ibmobjectcsi_controller.go:205.16,207.3 1 0
github.ibm.com/alchemy-containers/ibm-object-csi-driver-operator/controllers/ibmobjectcsi_controller.go:209.2,210.16 2 0
github.ibm.com/alchemy-containers/ibm-object-csi-driver-operator/controllers/ibmobjectcsi_controller.go:210.16,212.3 1 0
github.ibm.com/alchemy-containers/ibm-object-csi-driver-operator/controllers/ibmobjectcsi_controller.go:214.2,217.66 4 0
github.ibm.com/alchemy-containers/ibm-object-csi-driver-operator/controllers/ibmobjectcsi_controller.go:217.66,219.3 1 0
github.ibm.com/alchemy-containers/ibm-object-csi-driver-operator/controllers/ibmobjectcsi_controller.go:219.8,220.39 1 0
github.ibm.com/alchemy-containers/ibm-object-csi-driver-operator/controllers/ibmobjectcsi_controller.go:220.39,222.18 2 0
github.ibm.com/alchemy-containers/ibm-object-csi-driver-operator/controllers/ibmobjectcsi_controller.go:222.18,225.5 2 0
github.ibm.com/alchemy-containers/ibm-object-csi-driver-operator/controllers/ibmobjectcsi_controller.go:227.4,227.69 1 0
github.ibm.com/alchemy-containers/ibm-object-csi-driver-operator/controllers/ibmobjectcsi_controller.go:227.69,229.5 1 0
github.ibm.com/alchemy-containers/ibm-object-csi-driver-operator/controllers/ibmobjectcsi_controller.go:231.3,231.42 1 0
github.ibm.com/alchemy-containers/ibm-object-csi-driver-operator/controllers/ibmobjectcsi_controller.go:233.2,236.57 3 0
github.ibm.com/alchemy-containers/ibm-object-csi-driver-operator/controllers/ibmobjectcsi_controller.go:236.57,239.18 3 0
github.ibm.com/alchemy-containers/ibm-object-csi-driver-operator/controllers/ibmobjectcsi_controller.go:239.18,241.4 1 0
github.ibm.com/alchemy-containers/ibm-object-csi-driver-operator/controllers/ibmobjectcsi_controller.go:244.2,244.12 1 0
github.ibm.com/alchemy-containers/ibm-object-csi-driver-operator/controllers/ibmobjectcsi_controller.go:248.76,255.2 3 0
github.ibm.com/alchemy-containers/ibm-object-csi-driver-operator/controllers/ibmobjectcsi_controller.go:257.125,263.28 3 0
github.ibm.com/alchemy-containers/ibm-object-csi-driver-operator/controllers/ibmobjectcsi_controller.go:263.28,265.3 1 0
github.ibm.com/alchemy-containers/ibm-object-csi-driver-operator/controllers/ibmobjectcsi_controller.go:266.2,266.12 1 0
github.ibm.com/alchemy-containers/ibm-object-csi-driver-operator/controllers/ibmobjectcsi_controller.go:269.129,273.53 4 0
github.ibm.com/alchemy-containers/ibm-object-csi-driver-operator/controllers/ibmobjectcsi_controller.go:273.53,275.3 1 0
github.ibm.com/alchemy-containers/ibm-object-csi-driver-operator/controllers/ibmobjectcsi_controller.go:276.2,276.49 1 0
github.ibm.com/alchemy-containers/ibm-object-csi-driver-operator/controllers/ibmobjectcsi_controller.go:276.49,280.34 3 0
github.ibm.com/alchemy-containers/ibm-object-csi-driver-operator/controllers/ibmobjectcsi_controller.go:280.34,284.4 2 0
github.ibm.com/alchemy-containers/ibm-object-csi-driver-operator/controllers/ibmobjectcsi_controller.go:286.2,286.13 1 0
github.ibm.com/alchemy-containers/ibm-object-csi-driver-operator/controllers/ibmobjectcsi_controller.go:289.88,291.2 1 0
github.ibm.com/alchemy-containers/ibm-object-csi-driver-operator/controllers/ibmobjectcsi_controller.go:293.75,295.2 1 0
github.ibm.com/alchemy-containers/ibm-object-csi-driver-operator/controllers/ibmobjectcsi_controller.go:297.110,305.2 3 0
github.ibm.com/alchemy-containers/ibm-object-csi-driver-operator/controllers/ibmobjectcsi_controller.go:307.118,315.2 3 0
github.ibm.com/alchemy-containers/ibm-object-csi-driver-operator/controllers/ibmobjectcsi_controller.go:317.100,320.2 2 0
github.ibm.com/alchemy-containers/ibm-object-csi-driver-operator/controllers/ibmobjectcsi_controller.go:322.96,325.2 2 0
github.ibm.com/alchemy-containers/ibm-object-csi-driver-operator/controllers/ibmobjectcsi_controller.go:326.93,329.2 2 0
github.ibm.com/alchemy-containers/ibm-object-csi-driver-operator/controllers/ibmobjectcsi_controller.go:331.96,343.4 6 0
github.ibm.com/alchemy-containers/ibm-object-csi-driver-operator/controllers/ibmobjectcsi_controller.go:343.4,344.96 1 0
github.ibm.com/alchemy-containers/ibm-object-csi-driver-operator/controllers/ibmobjectcsi_controller.go:344.96,346.4 1 0
github.ibm.com/alchemy-containers/ibm-object-csi-driver-operator/controllers/ibmobjectcsi_controller.go:347.3,352.43 3 0
github.ibm.com/alchemy-containers/ibm-object-csi-driver-operator/controllers/ibmobjectcsi_controller.go:352.43,355.18 3 0
github.ibm.com/alchemy-containers/ibm-object-csi-driver-operator/controllers/ibmobjectcsi_controller.go:355.18,357.5 1 0
github.ibm.com/alchemy-containers/ibm-object-csi-driver-operator/controllers/ibmobjectcsi_controller.go:359.4,360.18 2 0
github.ibm.com/alchemy-containers/ibm-object-csi-driver-operator/controllers/ibmobjectcsi_controller.go:360.18,362.5 1 0
github.ibm.com/alchemy-containers/ibm-object-csi-driver-operator/controllers/ibmobjectcsi_controller.go:364.4,364.47 1 0
github.ibm.com/alchemy-containers/ibm-object-csi-driver-operator/controllers/ibmobjectcsi_controller.go:364.47,367.20 2 0
github.ibm.com/alchemy-containers/ibm-object-csi-driver-operator/controllers/ibmobjectcsi_controller.go:367.20,369.6 1 0
github.ibm.com/alchemy-containers/ibm-object-csi-driver-operator/controllers/ibmobjectcsi_controller.go:371.4,371.41 1 0
github.ibm.com/alchemy-containers/ibm-object-csi-driver-operator/controllers/ibmobjectcsi_controller.go:371.41,378.20 4 0
github.ibm.com/alchemy-containers/ibm-object-csi-driver-operator/controllers/ibmobjectcsi_controller.go:378.20,380.6 1 0
github.ibm.com/alchemy-containers/ibm-object-csi-driver-operator/controllers/ibmobjectcsi_controller.go:383.9,383.24 1 0
github.ibm.com/alchemy-containers/ibm-object-csi-driver-operator/controllers/ibmobjectcsi_controller.go:383.24,386.4 2 0
github.ibm.com/alchemy-containers/ibm-object-csi-driver-operator/controllers/ibmobjectcsi_controller.go:386.10,389.4 0 0
github.ibm.com/alchemy-containers/ibm-object-csi-driver-operator/controllers/ibmobjectcsi_controller.go:392.2,392.12 1 0
github.ibm.com/alchemy-containers/ibm-object-csi-driver-operator/controllers/ibmobjectcsi_controller.go:395.83,400.2 4 0
github.ibm.com/alchemy-containers/ibm-object-csi-driver-operator/controllers/ibmobjectcsi_controller.go:402.113,405.16 3 0
github.ibm.com/alchemy-containers/ibm-object-csi-driver-operator/controllers/ibmobjectcsi_controller.go:405.16,407.3 1 0
github.ibm.com/alchemy-containers/ibm-object-csi-driver-operator/controllers/ibmobjectcsi_controller.go:409.2,415.28 4 0
github.ibm.com/alchemy-containers/ibm-object-csi-driver-operator/controllers/ibmobjectcsi_controller.go:415.28,417.3 1 0
github.ibm.com/alchemy-containers/ibm-object-csi-driver-operator/controllers/ibmobjectcsi_controller.go:417.8,417.23 1 0
github.ibm.com/alchemy-containers/ibm-object-csi-driver-operator/controllers/ibmobjectcsi_controller.go:417.23,420.3 2 0
github.ibm.com/alchemy-containers/ibm-object-csi-driver-operator/controllers/ibmobjectcsi_controller.go:422.2,422.90 1 0
github.ibm.com/alchemy-containers/ibm-object-csi-driver-operator/controllers/ibmobjectcsi_controller.go:425.91,434.42 5 0
github.ibm.com/alchemy-containers/ibm-object-csi-driver-operator/controllers/ibmobjectcsi_controller.go:434.42,437.17 3 0
github.ibm.com/alchemy-containers/ibm-object-csi-driver-operator/controllers/ibmobjectcsi_controller.go:437.17,439.4 1 0
github.ibm.com/alchemy-containers/ibm-object-csi-driver-operator/controllers/ibmobjectcsi_controller.go:440.8,440.23 1 0
github.ibm.com/alchemy-containers/ibm-object-csi-driver-operator/controllers/ibmobjectcsi_controller.go:440.23,443.3 2 0
github.ibm.com/alchemy-containers/ibm-object-csi-driver-operator/controllers/ibmobjectcsi_controller.go:443.9,445.3 0 0
github.ibm.com/alchemy-containers/ibm-object-csi-driver-operator/controllers/ibmobjectcsi_controller.go:447.2,447.12 1 0
github.ibm.com/alchemy-containers/ibm-object-csi-driver-operator/controllers/ibmobjectcsi_controller.go:450.88,459.16 5 0
github.ibm.com/alchemy-containers/ibm-object-csi-driver-operator/controllers/ibmobjectcsi_controller.go:459.16,461.57 2 0
github.ibm.com/alchemy-containers/ibm-object-csi-driver-operator/controllers/ibmobjectcsi_controller.go:461.57,464.4 2 0
github.ibm.com/alchemy-containers/ibm-object-csi-driver-operator/controllers/ibmobjectcsi_controller.go:465.8,465.35 1 0
github.ibm.com/alchemy-containers/ibm-object-csi-driver-operator/controllers/ibmobjectcsi_controller.go:465.35,467.3 1 0
github.ibm.com/alchemy-containers/ibm-object-csi-driver-operator/controllers/ibmobjectcsi_controller.go:467.8,470.3 2 0
github.ibm.com/alchemy-containers/ibm-object-csi-driver-operator/controllers/ibmobjectcsi_controller.go:471.2,471.12 1 0
github.ibm.com/alchemy-containers/ibm-object-csi-driver-operator/controllers/ibmobjectcsi_controller.go:474.102,475.62 1 0
github.ibm.com/alchemy-containers/ibm-object-csi-driver-operator/controllers/ibmobjectcsi_controller.go:475.62,477.3 1 0
github.ibm.com/alchemy-containers/ibm-object-csi-driver-operator/controllers/ibmobjectcsi_controller.go:479.2,479.55 1 0
github.ibm.com/alchemy-containers/ibm-object-csi-driver-operator/controllers/ibmobjectcsi_controller.go:479.55,481.3 1 0
github.ibm.com/alchemy-containers/ibm-object-csi-driver-operator/controllers/ibmobjectcsi_controller.go:482.2,482.12 1 0
github.ibm.com/alchemy-containers/ibm-object-csi-driver-operator/controllers/ibmobjectcsi_controller.go:485.98,488.2 2 0
github.ibm.com/alchemy-containers/ibm-object-csi-driver-operator/controllers/ibmobjectcsi_controller.go:490.93,493.2 2 0
github.ibm.com/alchemy-containers/ibm-object-csi-driver-operator/controllers/ibmobjectcsi_controller.go:495.118,506.2 4 0
github.ibm.com/alchemy-containers/ibm-object-csi-driver-operator/controllers/ibmobjectcsi_controller.go:508.110,515.2 3 0
github.ibm.com/alchemy-containers/ibm-object-csi-driver-operator/controllers/ibmobjectcsi_controller.go:517.91,520.2 2 0
github.ibm.com/alchemy-containers/ibm-object-csi-driver-operator/controllers/ibmobjectcsi_controller.go:522.104,532.2 4 0
github.ibm.com/alchemy-containers/ibm-object-csi-driver-operator/controllers/ibmobjectcsi_controller.go:535.75,542.2 1 0
